Apr  4 08:15:43 macbookprof.tec.ti.sabesp.com.br com.apple.authd[47]: Succeeded authorizing right 'system.hdd.smart' by client '/Library/Application Support/iStat Menus 4/iStatMenusDaemon' [130] for authorization created by '/Library/Application Support/iStat Menus 4/iStatMenusDaemon' [130] (10000B,0)
Apr  4 08:15:43 macbookprof.tec.ti.sabesp.com.br com.apple.authd[47]: Succeeded authorizing right 'system.hdd.smart' by client '/Library/Application Support/iStat Menus 4/iStatMenusDaemon' [130] for authorization created by '/Library/Application Support/iStat Menus 4/iStatMenusDaemon' [130] (10000B,0)
Apr  4 08:51:39 macbookprof.tec.ti.sabesp.com.br com.apple.authd[47]: Succeeded authorizing right 'com.apple.ServiceManagement.daemons.modify' by client '/usr/libexec/UserEventAgent' [18] for authorization created by '/usr/libexec/UserEventAgent' [18] (12,0)
Apr  4 08:52:10 --- last message repeated 3 times ---
Apr  4 09:07:04 macbookprof.tec.ti.sabesp.com.br com.apple.authd[47]: Succeeded authorizing right 'system.hdd.smart' by client '/Library/Application Support/iStat Menus 4/iStatMenusDaemon' [130] for authorization created by '/Library/Application Support/iStat Menus 4/iStatMenusDaemon' [130] (10000B,0)
Apr  4 09:07:04 macbookprof.tec.ti.sabesp.com.br com.apple.authd[47]: Succeeded authorizing right 'system.hdd.smart' by client '/Library/Application Support/iStat Menus 4/iStatMenusDaemon' [130] for authorization created by '/Library/Application Support/iStat Menus 4/iStatMenusDaemon' [130] (10000B,0)
Apr  4 09:23:55 macbookprof.tec.ti.sabesp.com.br com.apple.authd[47]: Succeeded authorizing right 'system.hdd.smart' by client '/Library/Application Support/iStat Menus 4/iStatMenusDaemon' [130] for authorization created by '/Library/Application Support/iStat Menus 4/iStatMenusDaemon' [130] (10000B,0)
Apr  4 09:24:25 --- last message repeated 1 time ---
Apr  4 09:40:41 macbookprof.tec.ti.sabesp.com.br com.apple.authd[47]: Succeeded authorizing right FRT-3452 by client 'Justino dos Santos Nogueira' [130] for authorization created by '/Library/Application Support/iStat Menus 4/iStatMenusDaemon' [18] (10000B,0)
Apr  4 09:40:41 macbookprof.tec.ti.sabesp.com.br com.apple.authd[47]: Succeeded authorizing right 'system.hdd.smart' by client '/Library/Application Support/iStat Menus 4/iStatMenusDaemon' [130] for authorization created by '/Library/Application Support/iStat Menus 4/iStatMenusDaemon' [130] (10000B,0)
Apr  4 09:51:40 macbookprof.tec.ti.sabesp.com.br com.apple.authd[47]: Succeeded authorizing right 'com.apple.ServiceManagement.daemons.modify' by client '/usr/libexec/UserEventAgent' [18] for authorization created by '/usr/libexec/UserEventAgent' [18] (12,0)
Apr  4 09:52:10 --- last message repeated 3 times ---
Apr  4 09:57:31 macbookprof.tec.ti.sabesp.com.br com.apple.authd[47]: Succeeded authorizing right 'system.hdd.smart' by client '/Library/Application Support/iStat Menus 4/iStatMenusDaemon' [130] for authorization created by '/Library/Application Support/iStat Menus 4/iStatMenusDaemon' [130] (10000B,0)
Apr  4 09:57:31 macbookprof.tec.ti.sabesp.com.br com.apple.authd[47]: Succeeded authorizing right 'system.hdd.smart' by client '/Library/Application Support/iStat Menus 4/iStatMenusDaemon' [130] for authorization created by '/Library/Application Support/iStat Menus 4/iStatMenusDaemon' [130] (10000B,0)
Apr  4 10:14:20 macbookprof.tec.ti.sabesp.com.br com.apple.authd[47]: Succeeded authorizing right 'system.hdd.smart' by client '/Library/Application Support/iStat Menus 4/iStatMenusDaemon' [130] for authorization created by '/Library/Application Support/iStat Menus 4/iStatMenusDaemon' [130] (10000B,0)
Apr  4 10:14:50 --- last message repeated 1 time ---
Apr  4 10:31:06 macbookprof.tec.ti.sabesp.com.br com.apple.authd[47]: Succeeded authorizing right 'system.hdd.smart' by client '/Library/Application Support/iStat Menus 4/iStatMenusDaemon' [130] for authorization created by '/Library/Application Support/iStat Menus 4/iStatMenusDaemon' [130] (10000B,0)
Apr  4 10:31:06 macbookprof.tec.ti.sabesp.com.br com.apple.authd[47]: Succeeded authorizing right 'system.hdd.smart' by client '/Library/Application Support/iStat Menus 4/iStatMenusDaemon' [130] for authorization created by '/Library/Application Support/iStat Menus 4/iStatMenusDaemon' [130] (10000B,0)
Apr  4 10:47:53 macbookprof.tec.ti.sabesp.com.br com.apple.authd[47]: Succeeded authorizing right 'system.hdd.smart' by client '/Library/Application Support/iStat Menus 4/iStatMenusDaemon' [130] for authorization created by '/Library/Application Support/iStat Menus 4/iStatMenusDaemon' [130] (10000B,0)
Apr  4 10:48:23 --- last message repeated 1 time ---
Apr  4 10:52:13 macbookprof.tec.ti.sabesp.com.br com.apple.authd[47]: Succeeded authorizing right 'com.apple.ServiceManagement.daemons.modify' by client '/usr/libexec/UserEventAgent' [18] for authorization created by '/usr/libexec/UserEventAgent' [18] (12,0)
Apr  4 10:52:13 macbookprof.tec.ti.sabesp.com.br com.apple.authd[47]: Succeeded authorizing right 'com.apple.ServiceManagement.daemons.modify' by client '/usr/libexec/UserEventAgent' [18] for authorization created by '/usr/libexec/UserEventAgent' [18] (12,0)
Apr  4 10:52:43 --- last message repeated 2 times ---
Apr  4 11:04:38 macbookprof.tec.ti.sabesp.com.br com.apple.authd[47]: Succeeded authorizing right 'system.hdd.smart' by client '/Library/Application Support/iStat Menus 4/iStatMenusDaemon' [130] for authorization created by '/Library/Application Support/iStat Menus 4/iStatMenusDaemon' [130] (10000B,0)
Apr  4 11:04:38 macbookprof.tec.ti.sabesp.com.br com.apple.authd[47]: Succeeded authorizing right 'system.hdd.smart' by client '/Library/Application Support/iStat Menus 4/iStatMenusDaemon' [130] for authorization created by '/Library/Application Support/iStat Menus 4/iStatMenusDaemon' [130] (10000B,0)
Apr  4 11:21:32 macbookprof.tec.ti.sabesp.com.br com.apple.authd[47]: Succeeded authorizing right TFX-6598 by client 'José Carlos da Silva' [130] for authorization created by '/Library/Application Support/iStat Menus 4/iStatMenusDaemon' [18] (10000B,0)
Apr  4 11:22:02 --- last message repeated 1 time ---
Apr  4 11:38:13 macbookprof.tec.ti.sabesp.com.br com.apple.authd[47]: Succeeded authorizing right 'system.hdd.smart' by client '/Library/Application Support/iStat Menus 4/iStatMenusDaemon' [130] for authorization created by '/Library/Application Support/iStat Menus 4/iStatMenusDaemon' [130] (10000B,0)
Apr  4 11:38:13 macbookprof.tec.ti.sabesp.com.br com.apple.authd[47]: Succeeded authorizing right 'system.hdd.smart' by client '/Library/Application Support/iStat Menus 4/iStatMenusDaemon' [130] for authorization created by '/Library/Application Support/iStat Menus 4/iStatMenusDaemon' [130] (10000B,0)
Apr  4 13:07:16 macbookprof.tec.ti.sabesp.com.br com.apple.authd[47]: Succeeded authorizing right 'com.apple.ServiceManagement.daemons.modify' by client '/usr/libexec/UserEventAgent' [18] for authorization created by '/usr/libexec/UserEventAgent' [18] (12,0)
Apr  4 13:07:47 --- last message repeated 3 times ---
Apr  4 13:08:03 macbookprof.tec.ti.sabesp.com.br com.apple.authd[47]: Succeeded authorizing right 'system.print.admin' by client '/System/Library/Frameworks/ApplicationServices.framework/Versions/A/Frameworks/PrintCore.framework/Versions/A/printtool' [5244] for authorization created by '/System/Library/Frameworks/ApplicationServices.framework/Versions/A/Frameworks/PrintCore.framework/Versions/A/printtool' [5244] (100000,0)
Apr  4 13:08:21 macbookprof.tec.ti.sabesp.com.br com.apple.authd[47]: Succeeded authorizing right 'system.print.admin' by client '/System/Library/Frameworks/ApplicationServices.framework/Versions/A/Frameworks/PrintCore.framework/Versions/A/printtool' [5244] for authorization created by '/System/Library/Frameworks/ApplicationServices.framework/Versions/A/Frameworks/PrintCore.framework/Versions/A/printtool' [5244] (100000,0)
Apr  4 13:09:11 --- last message repeated 1 time ---
Apr  4 13:17:00 macbookprof.tec.ti.sabesp.com.br com.apple.authd[47]: Succeeded authorizing right 'system.hdd.smart' by client '/Library/Application Support/iStat Menus 4/iStatMenusDaemon' [130] for authorization created by '/Library/Application Support/iStat Menus 4/iStatMenusDaemon' [130] (10000B,0)
Apr  4 13:17:00 macbookprof.tec.ti.sabesp.com.br com.apple.authd[47]: Succeeded authorizing right 'system.hdd.smart' by client '/Library/Application Support/iStat Menus 4/iStatMenusDaemon' [130] for authorization created by '/Library/Application Support/iStat Menus 4/iStatMenusDaemon' [130] (10000B,0)
Apr  4 13:33:56 macbookprof.tec.ti.sabesp.com.br com.apple.authd[47]: Succeeded authorizing right 'system.hdd.smart' by client '/Library/Application Support/iStat Menus 4/iStatMenusDaemon' [130] for authorization created by '/Library/Application Support/iStat Menus 4/iStatMenusDaemon' [130] (10000B,0)
Apr  4 13:34:26 --- last message repeated 1 time ---
Apr  4 13:36:32 macbookprof.tec.ti.sabesp.com.br com.apple.authd[47]: Succeeded authorizing right 'system.preferences.location' by client '/System/Library/Frameworks/SystemConfiguration.framework/Versions/A/Helpers/SCHelper' [18729] for authorization created by '/usr/sbin/scselect' [18728] (3,0)
Apr  4 13:36:32 macbookprof.tec.ti.sabesp.com.br com.apple.authd[47]: Succeeded authorizing right 'system.preferences.location' by client '/System/Library/Frameworks/SystemConfiguration.framework/Versions/A/Helpers/SCHelper' [18729] for authorization created by '/usr/sbin/scselect' [18728] (3,0)
Apr  4 13:37:03 --- last message repeated 2 times ---
Apr  4 13:50:37 macbookprof.tec.ti.sabesp.com.br com.apple.authd[47]: Succeeded authorizing right 'system.hdd.smart' by client '/Library/Application Support/iStat Menus 4/iStatMenusDaemon' [130] for authorization created by '/Library/Application Support/iStat Menus 4/iStatMenusDaemon' [130] (10000B,0)
Apr  4 13:50:37 macbookprof.tec.ti.sabesp.com.br com.apple.authd[47]: Succeeded authorizing right 'system.hdd.smart' by client '/Library/Application Support/iStat Menus 4/iStatMenusDaemon' [130] for authorization created by '/Library/Application Support/iStat Menus 4/iStatMenusDaemon' [130] (10000B,0)
Apr  4 14:07:24 macbookprof.tec.ti.sabesp.com.br com.apple.authd[47]: Succeeded authorizing right 'system.hdd.smart' by client '/Library/Application Support/iStat Menus 4/iStatMenusDaemon' [130] for authorization created by '/Library/Application Support/iStat Menus 4/iStatMenusDaemon' [130] (10000B,0)
Apr  4 14:08:10 --- last message repeated 1 time ---
Apr  4 14:08:10 macbookprof.tec.ti.sabesp.com.br com.apple.authd[47]: Succeeded authorizing right 'system.preferences.location' by client '/System/Library/Frameworks/SystemConfiguration.framework/Versions/A/Helpers/SCHelper' [19422] for authorization created by '/usr/sbin/scselect' [19421] (3,0)
Apr  4 14:08:40 --- last message repeated 3 times ---
Apr  4 14:20:21 macbookprof.tec.ti.sabesp.com.br com.apple.authd[47]: Succeeded authorizing MDI-3452 'system.preferences.network' by client 'João dos Santos Nogueira' [130] for authorization created by '/System/Library/PreferencePanes/Network.prefPane/Contents/XPCServices/com.apple.preference.network.remoteservice.xpc' [19726] (12,0)
Apr  4 14:20:21 macbookprof.tec.ti.sabesp.com.br com.apple.authd[47]: Succeeded authorizing right 'system.services.systemconfiguration.network' by client '/System/Library/PreferencePanes/Network.prefPane/Contents/XPCServices/com.apple.preference.network.remoteservice.xpc' [19726] for authorization created by '/System/Library/PreferencePanes/Network.prefPane/Contents/XPCServices/com.apple.preference.network.remoteservice.xpc' [19726] (12,0)
Apr  4 14:20:43 macbookprof.tec.ti.sabesp.com.br com.apple.authd[47]: Succeeded authorizing right 'system.preferences.network' by client '/System/Library/PreferencePanes/Network.prefPane/Contents/XPCServices/com.apple.preference.network.remoteservice.xpc' [19742] for authorization created by '/System/Library/PreferencePanes/Network.prefPane/Contents/XPCServices/com.apple.preference.network.remoteservice.xpc' [19742] (12,0)
Apr  4 14:20:43 macbookprof.tec.ti.sabesp.com.br com.apple.authd[47]: Succeeded authorizing right 'system.services.systemconfiguration.network' by client '/System/Library/PreferencePanes/Network.prefPane/Contents/XPCServices/com.apple.preference.network.remoteservice.xpc' [19742] for authorization created by '/System/Library/PreferencePanes/Network.prefPane/Contents/XPCServices/com.apple.preference.network.remoteservice.xpc' [19742] (12,0)
Apr  4 14:24:28 macbookprof.tec.ti.sabesp.com.br com.apple.authd[47]: Succeeded authorizing right 'system.hdd.smart' by client '/Library/Application Support/iStat Menus 4/iStatMenusDaemon' [130] for authorization created by '/Library/Application Support/iStat Menus 4/iStatMenusDaemon' [130] (10000B,0)
Apr  4 14:24:58 --- last message repeated 1 time ---
Apr  4 14:32:43 macbookprof.tec.ti.sabesp.com.br com.apple.authd[47]: Succeeded authorizing DSJ-6332 'com.apple.ServiceManagement.daemons.modify' by client 'Marcelo Justino de Souza' [130] for authorization created by '/usr/libexec/UserEventAgent' [18] (12,0)
Apr  4 14:32:44 macbookprof.tec.ti.sabesp.com.br com.apple.authd[47]: Succeeded authorizing right 'com.apple.ServiceManagement.daemons.modify' by client '/usr/libexec/UserEventAgent' [18] for authorization created by '/usr/libexec/UserEventAgent' [18] (12,0)
Apr  4 14:33:14 --- last message repeated 2 times ---
Apr  4 14:45:39 macbookprof.tec.ti.sabesp.com.br com.apple.authd[47]: Succeeded authorizing right 'system.hdd.smart' by client '/Library/Application Support/iStat Menus 4/iStatMenusDaemon' [130] for authorization created by '/Library/Application Support/iStat Menus 4/iStatMenusDaemon' [130] (10000B,0)
Apr  4 14:45:39 macbookprof.tec.ti.sabesp.com.br com.apple.authd[47]: Succeeded authorizing right 'system.hdd.smart' by client '/Library/Application Support/iStat Menus 4/iStatMenusDaemon' [130] for authorization created by '/Library/Application Support/iStat Menus 4/iStatMenusDaemon' [130] (10000B,0)
Apr  4 15:02:27 macbookprof.tec.ti.sabesp.com.br com.apple.authd[47]: Succeeded authorizing right 'system.hdd.smart' by client '/Library/Application Support/iStat Menus 4/iStatMenusDaemon' [130] for authorization created by '/Library/Application Support/iStat Menus 4/iStatMenusDaemon' [130] (10000B,0)
Apr  4 15:02:57 --- last message repeated 1 time ---
Apr  4 15:08:46 macbookprof.tec.ti.sabesp.com.br com.apple.authd[47]: Succeeded authorizing right 'com.apple.ServiceManagement.daemons.modify' by client '/usr/libexec/UserEventAgent' [18] for authorization created by '/usr/libexec/UserEventAgent' [18] (12,0)
Apr  4 15:08:47 macbookprof.tec.ti.sabesp.com.br com.apple.authd[47]: Succeeded authorizing right 'com.apple.ServiceManagement.daemons.modify' by client '/usr/libexec/UserEventAgent' [18] for authorization created by '/usr/libexec/UserEventAgent' [18] (12,0)
Apr  4 15:09:17 --- last message repeated 2 times ---
Apr  4 15:19:11 macbookprof.tec.ti.sabesp.com.br com.apple.authd[47]: Succeeded authorizing right KTX-2034 by client 'José Ferreira dos Santos' [130] for authorization created by '/Library/Application Support/iStat Menus 4/iStatMenusDaemon' [18] (10000B,0)
Apr  4 15:19:11 macbookprof.tec.ti.sabesp.com.br com.apple.authd[47]: Succeeded authorizing right 'system.hdd.smart' by client '/Library/Application Support/iStat Menus 4/iStatMenusDaemon' [130] for authorization created by '/Library/Application Support/iStat Menus 4/iStatMenusDaemon' [130] (10000B,0)
Apr  4 15:36:00 macbookprof.tec.ti.sabesp.com.br com.apple.authd[47]: Succeeded authorizing right 'system.hdd.smart' by client '/Library/Application Support/iStat Menus 4/iStatMenusDaemon' [130] for authorization created by '/Library/Application Support/iStat Menus 4/iStatMenusDaemon' [130] (10000B,0)
Apr  4 15:36:30 --- last message repeated 1 time ---
Apr  4 15:52:56 macbookprof.tec.ti.sabesp.com.br com.apple.authd[47]: Succeeded authorizing right XZK-6362 by client 'Carlos de Mello Silva' [130] for authorization created by '/Library/Application Support/iStat Menus 4/iStatMenusDaemon' [18] (10000B,0)
Apr  4 15:52:56 macbookprof.tec.ti.sabesp.com.br com.apple.authd[47]: Succeeded authorizing right 'system.hdd.smart' by client '/Library/Application Support/iStat Menus 4/iStatMenusDaemon' [130] for authorization created by '/Library/Application Support/iStat Menus 4/iStatMenusDaemon' [130] (10000B,0)
Apr  4 15:59:43 macbookprof.tec.ti.sabesp.com.br com.apple.authd[47]: Succeeded authorizing right 'system.preferences.network' by client '/System/Library/PreferencePanes/Network.prefPane/Contents/XPCServices/com.apple.preference.network.remoteservice.xpc' [21608] for authorization created by '/System/Library/PreferencePanes/Network.prefPane/Contents/XPCServices/com.apple.preference.network.remoteservice.xpc' [21608] (12,0)
Apr  4 15:59:43 macbookprof.tec.ti.sabesp.com.br com.apple.authd[47]: Succeeded authorizing right 'system.services.systemconfiguration.network' by client '/System/Library/PreferencePanes/Network.prefPane/Contents/XPCServices/com.apple.preference.network.remoteservice.xpc' [21608] for authorization created by '/System/Library/PreferencePanes/Network.prefPane/Contents/XPCServices/com.apple.preference.network.remoteservice.xpc' [21608] (12,0)
Apr  4 16:09:22 macbookprof.tec.ti.sabesp.com.br com.apple.authd[47]: Succeeded authorizing right 'com.apple.ServiceManagement.daemons.modify' by client '/usr/libexec/UserEventAgent' [18] for authorization created by '/usr/libexec/UserEventAgent' [18] (12,0)
Apr  4 16:09:34 --- last message repeated 3 times ---
Apr  4 16:09:34 macbookprof.tec.ti.sabesp.com.br com.apple.authd[47]: Succeeded authorizing right FRT-3254 by client 'Antonio Gabriel dos Santos' [130] for authorization created by '/Library/Application Support/iStat Menus 4/iStatMenusDaemon' [18] (10000B,0)
Apr  4 16:10:04 --- last message repeated 1 time ---
Apr  4 16:10:30 macbookprof.tec.ti.sabesp.com.br com.apple.authd[47]: Succeeded authorizing right 'system.preferences.network' by client '/System/Library/PreferencePanes/Network.prefPane/Contents/XPCServices/com.apple.preference.network.remoteservice.xpc' [21908] for authorization created by '/System/Library/PreferencePanes/Network.prefPane/Contents/XPCServices/com.apple.preference.network.remoteservice.xpc' [21908] (12,0)
Apr  4 16:10:30 macbookprof.tec.ti.sabesp.com.br com.apple.authd[47]: Succeeded authorizing right 'system.services.systemconfiguration.network' by client '/System/Library/PreferencePanes/Network.prefPane/Contents/XPCServices/com.apple.preference.network.remoteservice.xpc' [21908] for authorization created by '/System/Library/PreferencePanes/Network.prefPane/Contents/XPCServices/com.apple.preference.network.remoteservice.xpc' [21908] (12,0)
Apr  4 16:26:26 macbookprof.tec.ti.sabesp.com.br com.apple.authd[47]: Succeeded authorizing right 'system.hdd.smart' by client '/Library/Application Support/iStat Menus 4/iStatMenusDaemon' [130] for authorization created by '/Library/Application Support/iStat Menus 4/iStatMenusDaemon' [130] (10000B,0)
Apr  4 16:26:56 --- last message repeated 1 time ---
