2018-04-11 21:14:56,767 [Worker-3] INFO  c.g.t.t.d.PublishedGradleVersions - Gradle version information cache is not available. Remote download required.
2018-04-12 19:25:37,313 [Worker-2] INFO  c.g.t.t.d.PublishedGradleVersions - Gradle version information cache is up-to-date. Trying to read.
2018-04-16 21:46:30,404 [Worker-0] INFO  c.g.t.t.d.PublishedGradleVersions - Gradle version information cache is out-of-date. Trying to update.
2018-04-17 18:59:25,323 [Worker-1] INFO  c.g.t.t.d.PublishedGradleVersions - Gradle version information cache is up-to-date. Trying to read.
2018-04-17 19:24:48,782 [Worker-1] INFO  c.g.t.t.d.PublishedGradleVersions - Gradle version information cache is up-to-date. Trying to read.
2018-04-17 19:48:48,750 [Start Help Server] INFO  org.eclipse.jetty.util.log - Logging initialized @1453880ms to org.eclipse.jetty.util.log.Slf4jLog
2018-04-17 19:48:49,225 [Start Help Server] INFO  org.eclipse.jetty.server.Server - jetty-9.4.8.v20171121, build timestamp: 2017-11-21T19:27:37-02:00, git hash: 82b8fb23f757335bb3329d540ce37a2a2615f0a8
2018-04-17 19:48:49,282 [Start Help Server] INFO  org.eclipse.jetty.server.session - DefaultSessionIdManager workerName=node0
2018-04-17 19:48:49,282 [Start Help Server] INFO  org.eclipse.jetty.server.session - No SessionScavenger set, using defaults
2018-04-17 19:48:49,283 [Start Help Server] INFO  org.eclipse.jetty.server.session - Scavenging every 600000ms
2018-04-17 19:48:49,350 [Start Help Server] INFO  o.e.j.server.handler.ContextHandler - Started o.e.j.s.ServletContextHandler@2372fe15{/help,null,AVAILABLE}
2018-04-17 19:48:49,423 [Start Help Server] INFO  o.e.jetty.server.AbstractConnector - Started ServerConnector@5bc48c8{HTTP/1.1,[http/1.1]}{127.0.0.1:59660}
2018-04-17 19:48:49,424 [Start Help Server] INFO  org.eclipse.jetty.server.Server - Started @1454554ms
2018-04-18 18:58:17,455 [Worker-2] INFO  c.g.t.t.d.PublishedGradleVersions - Gradle version information cache is out-of-date. Trying to update.
2018-04-18 21:09:41,393 [Start Help Server] INFO  org.eclipse.jetty.util.log - Logging initialized @7932645ms to org.eclipse.jetty.util.log.Slf4jLog
2018-04-18 21:09:41,830 [Start Help Server] INFO  org.eclipse.jetty.server.Server - jetty-9.4.8.v20171121, build timestamp: 2017-11-21T19:27:37-02:00, git hash: 82b8fb23f757335bb3329d540ce37a2a2615f0a8
2018-04-18 21:09:41,846 [Start Help Server] INFO  org.eclipse.jetty.server.session - DefaultSessionIdManager workerName=node0
2018-04-18 21:09:41,846 [Start Help Server] INFO  org.eclipse.jetty.server.session - No SessionScavenger set, using defaults
2018-04-18 21:09:41,846 [Start Help Server] INFO  org.eclipse.jetty.server.session - Scavenging every 660000ms
2018-04-18 21:09:41,924 [Start Help Server] INFO  o.e.j.server.handler.ContextHandler - Started o.e.j.s.ServletContextHandler@4c68d6eb{/help,null,AVAILABLE}
2018-04-18 21:09:42,018 [Start Help Server] INFO  o.e.jetty.server.AbstractConnector - Started ServerConnector@6de24186{HTTP/1.1,[http/1.1]}{127.0.0.1:62309}
2018-04-18 21:09:42,018 [Start Help Server] INFO  org.eclipse.jetty.server.Server - Started @7933259ms
2018-04-18 21:59:50,685 [Stop Help Server] INFO  o.e.jetty.server.AbstractConnector - Stopped ServerConnector@6de24186{HTTP/1.1,[http/1.1]}{127.0.0.1:0}
2018-04-18 21:59:50,685 [Stop Help Server] INFO  org.eclipse.jetty.server.session - Stopped scavenging
2018-04-18 21:59:50,685 [Stop Help Server] INFO  o.e.j.server.handler.ContextHandler - Stopped o.e.j.s.ServletContextHandler@4c68d6eb{/help,null,UNAVAILABLE}
2018-04-19 18:57:49,592 [Worker-2] INFO  c.g.t.t.d.PublishedGradleVersions - Gradle version information cache is up-to-date. Trying to read.
2018-04-19 19:01:31,781 [Start Help Server] INFO  org.eclipse.jetty.util.log - Logging initialized @290806ms to org.eclipse.jetty.util.log.Slf4jLog
2018-04-19 19:01:32,877 [Start Help Server] INFO  org.eclipse.jetty.server.Server - jetty-9.4.8.v20171121, build timestamp: 2017-11-21T19:27:37-02:00, git hash: 82b8fb23f757335bb3329d540ce37a2a2615f0a8
2018-04-19 19:01:32,924 [Start Help Server] INFO  org.eclipse.jetty.server.session - DefaultSessionIdManager workerName=node0
2018-04-19 19:01:32,924 [Start Help Server] INFO  org.eclipse.jetty.server.session - No SessionScavenger set, using defaults
2018-04-19 19:01:32,924 [Start Help Server] INFO  org.eclipse.jetty.server.session - Scavenging every 660000ms
2018-04-19 19:01:33,002 [Start Help Server] INFO  o.e.j.server.handler.ContextHandler - Started o.e.j.s.ServletContextHandler@1aae7652{/help,null,AVAILABLE}
2018-04-19 19:01:33,378 [Start Help Server] INFO  o.e.jetty.server.AbstractConnector - Started ServerConnector@1d5f3286{HTTP/1.1,[http/1.1]}{127.0.0.1:51383}
2018-04-19 19:01:33,378 [Start Help Server] INFO  org.eclipse.jetty.server.Server - Started @292403ms
2018-04-19 21:50:49,883 [Stop Help Server] INFO  o.e.jetty.server.AbstractConnector - Stopped ServerConnector@1d5f3286{HTTP/1.1,[http/1.1]}{127.0.0.1:0}
2018-04-19 21:50:49,883 [Stop Help Server] INFO  org.eclipse.jetty.server.session - Stopped scavenging
2018-04-19 21:50:49,914 [Stop Help Server] INFO  o.e.j.server.handler.ContextHandler - Stopped o.e.j.s.ServletContextHandler@1aae7652{/help,null,UNAVAILABLE}
2018-04-20 18:59:10,776 [Worker-2] INFO  c.g.t.t.d.PublishedGradleVersions - Gradle version information cache is out-of-date. Trying to update.
2018-04-20 19:39:19,524 [Start Help Server] INFO  org.eclipse.jetty.util.log - Logging initialized @2445025ms to org.eclipse.jetty.util.log.Slf4jLog
2018-04-20 19:39:20,205 [Start Help Server] INFO  org.eclipse.jetty.server.Server - jetty-9.4.8.v20171121, build timestamp: 2017-11-21T19:27:37-02:00, git hash: 82b8fb23f757335bb3329d540ce37a2a2615f0a8
2018-04-20 19:39:20,289 [Start Help Server] INFO  org.eclipse.jetty.server.session - DefaultSessionIdManager workerName=node0
2018-04-20 19:39:20,289 [Start Help Server] INFO  org.eclipse.jetty.server.session - No SessionScavenger set, using defaults
2018-04-20 19:39:20,290 [Start Help Server] INFO  org.eclipse.jetty.server.session - Scavenging every 660000ms
2018-04-20 19:39:20,375 [Start Help Server] INFO  o.e.j.server.handler.ContextHandler - Started o.e.j.s.ServletContextHandler@4c46828a{/help,null,AVAILABLE}
2018-04-20 19:39:20,505 [Start Help Server] INFO  o.e.jetty.server.AbstractConnector - Started ServerConnector@48e0620a{HTTP/1.1,[http/1.1]}{127.0.0.1:54938}
2018-04-20 19:39:20,506 [Start Help Server] INFO  org.eclipse.jetty.server.Server - Started @2446008ms
2018-04-20 21:48:10,579 [Stop Help Server] INFO  o.e.jetty.server.AbstractConnector - Stopped ServerConnector@48e0620a{HTTP/1.1,[http/1.1]}{127.0.0.1:0}
2018-04-20 21:48:10,579 [Stop Help Server] INFO  org.eclipse.jetty.server.session - Stopped scavenging
2018-04-20 21:48:10,594 [Stop Help Server] INFO  o.e.j.server.handler.ContextHandler - Stopped o.e.j.s.ServletContextHandler@4c46828a{/help,null,UNAVAILABLE}
2018-04-23 19:02:21,661 [Worker-7] INFO  c.g.t.t.d.PublishedGradleVersions - Gradle version information cache is out-of-date. Trying to update.
2018-04-23 19:19:25,507 [Start Help Server] INFO  org.eclipse.jetty.util.log - Logging initialized @1220926ms to org.eclipse.jetty.util.log.Slf4jLog
2018-04-23 19:19:25,985 [Start Help Server] INFO  org.eclipse.jetty.server.Server - jetty-9.4.8.v20171121, build timestamp: 2017-11-21T19:27:37-02:00, git hash: 82b8fb23f757335bb3329d540ce37a2a2615f0a8
2018-04-23 19:19:26,019 [Start Help Server] INFO  org.eclipse.jetty.server.session - DefaultSessionIdManager workerName=node0
2018-04-23 19:19:26,019 [Start Help Server] INFO  org.eclipse.jetty.server.session - No SessionScavenger set, using defaults
2018-04-23 19:19:26,020 [Start Help Server] INFO  org.eclipse.jetty.server.session - Scavenging every 600000ms
2018-04-23 19:19:26,095 [Start Help Server] INFO  o.e.j.server.handler.ContextHandler - Started o.e.j.s.ServletContextHandler@6632a26a{/help,null,AVAILABLE}
2018-04-23 19:19:26,152 [Start Help Server] INFO  o.e.jetty.server.AbstractConnector - Started ServerConnector@2ac5304e{HTTP/1.1,[http/1.1]}{127.0.0.1:56247}
2018-04-23 19:19:26,152 [Start Help Server] INFO  org.eclipse.jetty.server.Server - Started @1221572ms
2018-04-23 21:57:55,226 [Stop Help Server] INFO  o.e.jetty.server.AbstractConnector - Stopped ServerConnector@2ac5304e{HTTP/1.1,[http/1.1]}{127.0.0.1:0}
2018-04-23 21:57:55,226 [Stop Help Server] INFO  org.eclipse.jetty.server.session - Stopped scavenging
2018-04-23 21:57:55,242 [Stop Help Server] INFO  o.e.j.server.handler.ContextHandler - Stopped o.e.j.s.ServletContextHandler@6632a26a{/help,null,UNAVAILABLE}
2018-04-24 18:58:52,754 [Worker-2] INFO  c.g.t.t.d.PublishedGradleVersions - Gradle version information cache is up-to-date. Trying to read.
2018-04-24 18:59:18,870 [Start Help Server] INFO  org.eclipse.jetty.util.log - Logging initialized @78242ms to org.eclipse.jetty.util.log.Slf4jLog
2018-04-24 18:59:19,693 [Start Help Server] INFO  org.eclipse.jetty.server.Server - jetty-9.4.8.v20171121, build timestamp: 2017-11-21T19:27:37-02:00, git hash: 82b8fb23f757335bb3329d540ce37a2a2615f0a8
2018-04-24 18:59:19,788 [Start Help Server] INFO  org.eclipse.jetty.server.session - DefaultSessionIdManager workerName=node0
2018-04-24 18:59:19,788 [Start Help Server] INFO  org.eclipse.jetty.server.session - No SessionScavenger set, using defaults
2018-04-24 18:59:19,790 [Start Help Server] INFO  org.eclipse.jetty.server.session - Scavenging every 600000ms
2018-04-24 18:59:19,890 [Start Help Server] INFO  o.e.j.server.handler.ContextHandler - Started o.e.j.s.ServletContextHandler@43097646{/help,null,AVAILABLE}
2018-04-24 18:59:20,465 [Start Help Server] INFO  o.e.jetty.server.AbstractConnector - Started ServerConnector@26bad62c{HTTP/1.1,[http/1.1]}{127.0.0.1:57927}
2018-04-24 18:59:20,465 [Start Help Server] INFO  org.eclipse.jetty.server.Server - Started @79837ms
2018-04-24 21:52:50,676 [Stop Help Server] INFO  o.e.jetty.server.AbstractConnector - Stopped ServerConnector@26bad62c{HTTP/1.1,[http/1.1]}{127.0.0.1:0}
2018-04-24 21:52:50,676 [Stop Help Server] INFO  org.eclipse.jetty.server.session - Stopped scavenging
2018-04-24 21:52:50,685 [Stop Help Server] INFO  o.e.j.server.handler.ContextHandler - Stopped o.e.j.s.ServletContextHandler@43097646{/help,null,UNAVAILABLE}
2018-04-25 18:56:26,090 [Worker-0] INFO  c.g.t.t.d.PublishedGradleVersions - Gradle version information cache is out-of-date. Trying to update.
2018-04-25 19:42:07,035 [Start Help Server] INFO  org.eclipse.jetty.util.log - Logging initialized @2836561ms to org.eclipse.jetty.util.log.Slf4jLog
2018-04-25 19:42:07,550 [Start Help Server] INFO  org.eclipse.jetty.server.Server - jetty-9.4.8.v20171121, build timestamp: 2017-11-21T19:27:37-02:00, git hash: 82b8fb23f757335bb3329d540ce37a2a2615f0a8
2018-04-25 19:42:07,582 [Start Help Server] INFO  org.eclipse.jetty.server.session - DefaultSessionIdManager workerName=node0
2018-04-25 19:42:07,582 [Start Help Server] INFO  org.eclipse.jetty.server.session - No SessionScavenger set, using defaults
2018-04-25 19:42:07,582 [Start Help Server] INFO  org.eclipse.jetty.server.session - Scavenging every 660000ms
2018-04-25 19:42:07,597 [Start Help Server] INFO  o.e.j.server.handler.ContextHandler - Started o.e.j.s.ServletContextHandler@1f8944a0{/help,null,AVAILABLE}
2018-04-25 19:42:07,707 [Start Help Server] INFO  o.e.jetty.server.AbstractConnector - Started ServerConnector@33ad19cf{HTTP/1.1,[http/1.1]}{127.0.0.1:60193}
2018-04-25 19:42:07,707 [Start Help Server] INFO  org.eclipse.jetty.server.Server - Started @2837241ms
2018-04-25 21:50:13,847 [Stop Help Server] INFO  o.e.jetty.server.AbstractConnector - Stopped ServerConnector@33ad19cf{HTTP/1.1,[http/1.1]}{127.0.0.1:0}
2018-04-25 21:50:13,847 [Stop Help Server] INFO  org.eclipse.jetty.server.session - Stopped scavenging
2018-04-25 21:50:13,862 [Stop Help Server] INFO  o.e.j.server.handler.ContextHandler - Stopped o.e.j.s.ServletContextHandler@1f8944a0{/help,null,UNAVAILABLE}
2018-04-26 18:58:44,452 [Worker-2] INFO  c.g.t.t.d.PublishedGradleVersions - Gradle version information cache is out-of-date. Trying to update.
2018-04-26 21:09:54,736 [Start Help Server] INFO  org.eclipse.jetty.util.log - Logging initialized @7900444ms to org.eclipse.jetty.util.log.Slf4jLog
2018-04-26 21:09:55,111 [Start Help Server] INFO  org.eclipse.jetty.server.Server - jetty-9.4.8.v20171121, build timestamp: 2017-11-21T19:27:37-02:00, git hash: 82b8fb23f757335bb3329d540ce37a2a2615f0a8
2018-04-26 21:09:55,142 [Start Help Server] INFO  org.eclipse.jetty.server.session - DefaultSessionIdManager workerName=node0
2018-04-26 21:09:55,142 [Start Help Server] INFO  org.eclipse.jetty.server.session - No SessionScavenger set, using defaults
2018-04-26 21:09:55,142 [Start Help Server] INFO  org.eclipse.jetty.server.session - Scavenging every 660000ms
2018-04-26 21:09:55,157 [Start Help Server] INFO  o.e.j.server.handler.ContextHandler - Started o.e.j.s.ServletContextHandler@7a2cda9f{/help,null,AVAILABLE}
2018-04-26 21:09:55,220 [Start Help Server] INFO  o.e.jetty.server.AbstractConnector - Started ServerConnector@775f5483{HTTP/1.1,[http/1.1]}{127.0.0.1:61771}
2018-04-26 21:09:55,220 [Start Help Server] INFO  org.eclipse.jetty.server.Server - Started @7900919ms
2018-04-26 21:53:41,845 [Stop Help Server] INFO  o.e.jetty.server.AbstractConnector - Stopped ServerConnector@775f5483{HTTP/1.1,[http/1.1]}{127.0.0.1:0}
2018-04-26 21:53:41,845 [Stop Help Server] INFO  org.eclipse.jetty.server.session - Stopped scavenging
2018-04-26 21:53:41,860 [Stop Help Server] INFO  o.e.j.server.handler.ContextHandler - Stopped o.e.j.s.ServletContextHandler@7a2cda9f{/help,null,UNAVAILABLE}
2018-04-27 18:59:09,250 [Worker-1] INFO  c.g.t.t.d.PublishedGradleVersions - Gradle version information cache is out-of-date. Trying to update.
2018-04-27 19:08:31,964 [Start Help Server] INFO  org.eclipse.jetty.util.log - Logging initialized @601237ms to org.eclipse.jetty.util.log.Slf4jLog
2018-04-27 19:08:32,248 [Start Help Server] INFO  org.eclipse.jetty.server.Server - jetty-9.4.8.v20171121, build timestamp: 2017-11-21T19:27:37-02:00, git hash: 82b8fb23f757335bb3329d540ce37a2a2615f0a8
2018-04-27 19:08:32,267 [Start Help Server] INFO  org.eclipse.jetty.server.session - DefaultSessionIdManager workerName=node0
2018-04-27 19:08:32,268 [Start Help Server] INFO  org.eclipse.jetty.server.session - No SessionScavenger set, using defaults
2018-04-27 19:08:32,269 [Start Help Server] INFO  org.eclipse.jetty.server.session - Scavenging every 660000ms
2018-04-27 19:08:32,288 [Start Help Server] INFO  o.e.j.server.handler.ContextHandler - Started o.e.j.s.ServletContextHandler@650bc25b{/help,null,AVAILABLE}
2018-04-27 19:08:32,380 [Start Help Server] INFO  o.e.jetty.server.AbstractConnector - Started ServerConnector@77fbb3a2{HTTP/1.1,[http/1.1]}{127.0.0.1:62631}
2018-04-27 19:08:32,380 [Start Help Server] INFO  org.eclipse.jetty.server.Server - Started @601652ms
2018-04-27 21:56:45,600 [Stop Help Server] INFO  o.e.jetty.server.AbstractConnector - Stopped ServerConnector@77fbb3a2{HTTP/1.1,[http/1.1]}{127.0.0.1:0}
2018-04-27 21:56:45,600 [Stop Help Server] INFO  org.eclipse.jetty.server.session - Stopped scavenging
2018-04-27 21:56:45,600 [Stop Help Server] INFO  o.e.j.server.handler.ContextHandler - Stopped o.e.j.s.ServletContextHandler@650bc25b{/help,null,UNAVAILABLE}
2018-05-02 18:57:28,728 [Worker-5] INFO  c.g.t.t.d.PublishedGradleVersions - Gradle version information cache is out-of-date. Trying to update.
2018-05-02 18:58:12,424 [Start Help Server] INFO  org.eclipse.jetty.util.log - Logging initialized @101603ms to org.eclipse.jetty.util.log.Slf4jLog
2018-05-02 18:58:12,840 [Start Help Server] INFO  org.eclipse.jetty.server.Server - jetty-9.4.8.v20171121, build timestamp: 2017-11-21T19:27:37-02:00, git hash: 82b8fb23f757335bb3329d540ce37a2a2615f0a8
2018-05-02 18:58:12,867 [Start Help Server] INFO  org.eclipse.jetty.server.session - DefaultSessionIdManager workerName=node0
2018-05-02 18:58:12,867 [Start Help Server] INFO  org.eclipse.jetty.server.session - No SessionScavenger set, using defaults
2018-05-02 18:58:12,868 [Start Help Server] INFO  org.eclipse.jetty.server.session - Scavenging every 660000ms
2018-05-02 18:58:12,918 [Start Help Server] INFO  o.e.j.server.handler.ContextHandler - Started o.e.j.s.ServletContextHandler@397d2c6c{/help,null,AVAILABLE}
2018-05-02 18:58:13,019 [Start Help Server] INFO  o.e.jetty.server.AbstractConnector - Started ServerConnector@1713518{HTTP/1.1,[http/1.1]}{127.0.0.1:64686}
2018-05-02 18:58:13,019 [Start Help Server] INFO  org.eclipse.jetty.server.Server - Started @102199ms
2018-05-02 21:50:54,104 [Stop Help Server] INFO  o.e.jetty.server.AbstractConnector - Stopped ServerConnector@1713518{HTTP/1.1,[http/1.1]}{127.0.0.1:0}
2018-05-02 21:50:54,104 [Stop Help Server] INFO  org.eclipse.jetty.server.session - Stopped scavenging
2018-05-02 21:50:54,124 [Stop Help Server] INFO  o.e.j.server.handler.ContextHandler - Stopped o.e.j.s.ServletContextHandler@397d2c6c{/help,null,UNAVAILABLE}
2018-05-03 18:59:54,858 [Worker-5] INFO  c.g.t.t.d.PublishedGradleVersions - Gradle version information cache is out-of-date. Trying to update.
2018-05-03 19:39:22,098 [Start Help Server] INFO  org.eclipse.jetty.util.log - Logging initialized @2730849ms to org.eclipse.jetty.util.log.Slf4jLog
2018-05-03 19:39:22,618 [Start Help Server] INFO  org.eclipse.jetty.server.Server - jetty-9.4.8.v20171121, build timestamp: 2017-11-21T19:27:37-02:00, git hash: 82b8fb23f757335bb3329d540ce37a2a2615f0a8
2018-05-03 19:39:22,669 [Start Help Server] INFO  org.eclipse.jetty.server.session - DefaultSessionIdManager workerName=node0
2018-05-03 19:39:22,669 [Start Help Server] INFO  org.eclipse.jetty.server.session - No SessionScavenger set, using defaults
2018-05-03 19:39:22,671 [Start Help Server] INFO  org.eclipse.jetty.server.session - Scavenging every 600000ms
2018-05-03 19:39:22,733 [Start Help Server] INFO  o.e.j.server.handler.ContextHandler - Started o.e.j.s.ServletContextHandler@482f7468{/help,null,AVAILABLE}
2018-05-03 19:39:22,796 [Start Help Server] INFO  o.e.jetty.server.AbstractConnector - Started ServerConnector@8de0685{HTTP/1.1,[http/1.1]}{127.0.0.1:49863}
2018-05-03 19:39:22,796 [Start Help Server] INFO  org.eclipse.jetty.server.Server - Started @2731557ms
2018-05-03 21:51:14,806 [Stop Help Server] INFO  o.e.jetty.server.AbstractConnector - Stopped ServerConnector@8de0685{HTTP/1.1,[http/1.1]}{127.0.0.1:0}
2018-05-03 21:51:14,806 [Stop Help Server] INFO  org.eclipse.jetty.server.session - Stopped scavenging
2018-05-03 21:51:14,806 [Stop Help Server] INFO  o.e.j.server.handler.ContextHandler - Stopped o.e.j.s.ServletContextHandler@482f7468{/help,null,UNAVAILABLE}
2018-05-04 18:53:40,813 [Worker-6] INFO  c.g.t.t.d.PublishedGradleVersions - Gradle version information cache is up-to-date. Trying to read.
2018-05-04 19:45:31,806 [Start Help Server] INFO  org.eclipse.jetty.util.log - Logging initialized @3175735ms to org.eclipse.jetty.util.log.Slf4jLog
2018-05-04 19:45:32,212 [Start Help Server] INFO  org.eclipse.jetty.server.Server - jetty-9.4.8.v20171121, build timestamp: 2017-11-21T19:27:37-02:00, git hash: 82b8fb23f757335bb3329d540ce37a2a2615f0a8
2018-05-04 19:45:32,244 [Start Help Server] INFO  org.eclipse.jetty.server.session - DefaultSessionIdManager workerName=node0
2018-05-04 19:45:32,244 [Start Help Server] INFO  org.eclipse.jetty.server.session - No SessionScavenger set, using defaults
2018-05-04 19:45:32,244 [Start Help Server] INFO  org.eclipse.jetty.server.session - Scavenging every 660000ms
2018-05-04 19:45:32,259 [Start Help Server] INFO  o.e.j.server.handler.ContextHandler - Started o.e.j.s.ServletContextHandler@1b036aa0{/help,null,AVAILABLE}
2018-05-04 19:45:32,306 [Start Help Server] INFO  o.e.jetty.server.AbstractConnector - Started ServerConnector@6425d80e{HTTP/1.1,[http/1.1]}{127.0.0.1:49765}
2018-05-04 19:45:32,306 [Start Help Server] INFO  org.eclipse.jetty.server.Server - Started @3176243ms
2018-05-04 21:51:49,866 [Stop Help Server] INFO  o.e.jetty.server.AbstractConnector - Stopped ServerConnector@6425d80e{HTTP/1.1,[http/1.1]}{127.0.0.1:0}
2018-05-04 21:51:49,866 [Stop Help Server] INFO  org.eclipse.jetty.server.session - Stopped scavenging
2018-05-04 21:51:49,881 [Stop Help Server] INFO  o.e.j.server.handler.ContextHandler - Stopped o.e.j.s.ServletContextHandler@1b036aa0{/help,null,UNAVAILABLE}
2018-05-07 18:54:36,250 [Worker-0] INFO  c.g.t.t.d.PublishedGradleVersions - Gradle version information cache is out-of-date. Trying to update.
2018-05-07 19:01:18,336 [Start Help Server] INFO  org.eclipse.jetty.util.log - Logging initialized @572628ms to org.eclipse.jetty.util.log.Slf4jLog
2018-05-07 19:01:18,903 [Start Help Server] INFO  org.eclipse.jetty.server.Server - jetty-9.4.8.v20171121, build timestamp: 2017-11-21T19:27:37-02:00, git hash: 82b8fb23f757335bb3329d540ce37a2a2615f0a8
2018-05-07 19:01:18,955 [Start Help Server] INFO  org.eclipse.jetty.server.session - DefaultSessionIdManager workerName=node0
2018-05-07 19:01:18,956 [Start Help Server] INFO  org.eclipse.jetty.server.session - No SessionScavenger set, using defaults
2018-05-07 19:01:18,958 [Start Help Server] INFO  org.eclipse.jetty.server.session - Scavenging every 600000ms
2018-05-07 19:01:19,043 [Start Help Server] INFO  o.e.j.server.handler.ContextHandler - Started o.e.j.s.ServletContextHandler@2edbd5ab{/help,null,AVAILABLE}
2018-05-07 19:01:19,126 [Start Help Server] INFO  o.e.jetty.server.AbstractConnector - Started ServerConnector@70e7e650{HTTP/1.1,[http/1.1]}{127.0.0.1:50920}
2018-05-07 19:01:19,126 [Start Help Server] INFO  org.eclipse.jetty.server.Server - Started @573418ms
2018-05-07 21:57:04,673 [Stop Help Server] INFO  o.e.jetty.server.AbstractConnector - Stopped ServerConnector@70e7e650{HTTP/1.1,[http/1.1]}{127.0.0.1:0}
2018-05-07 21:57:04,673 [Stop Help Server] INFO  org.eclipse.jetty.server.session - Stopped scavenging
2018-05-07 21:57:04,673 [Stop Help Server] INFO  o.e.j.server.handler.ContextHandler - Stopped o.e.j.s.ServletContextHandler@2edbd5ab{/help,null,UNAVAILABLE}
2018-05-08 19:00:20,531 [Worker-5] INFO  c.g.t.t.d.PublishedGradleVersions - Gradle version information cache is out-of-date. Trying to update.
2018-05-09 19:03:02,599 [Worker-1] INFO  c.g.t.t.d.PublishedGradleVersions - Gradle version information cache is out-of-date. Trying to update.
2018-05-10 19:04:47,052 [Worker-6] INFO  c.g.t.t.d.PublishedGradleVersions - Gradle version information cache is out-of-date. Trying to update.
2018-05-11 19:18:15,370 [Worker-15] INFO  c.g.t.t.d.PublishedGradleVersions - Gradle version information cache is out-of-date. Trying to update.
2018-05-14 19:18:32,385 [Worker-13] INFO  c.g.t.t.d.PublishedGradleVersions - Gradle version information cache is out-of-date. Trying to update.
2018-05-15 19:00:11,968 [Worker-2] INFO  c.g.t.t.d.PublishedGradleVersions - Gradle version information cache is up-to-date. Trying to read.
2018-05-15 19:04:42,416 [Worker-0] INFO  c.g.t.t.d.PublishedGradleVersions - Gradle version information cache is up-to-date. Trying to read.
2018-05-16 19:18:01,268 [Worker-0] INFO  c.g.t.t.d.PublishedGradleVersions - Gradle version information cache is out-of-date. Trying to update.
2018-05-17 18:55:31,482 [Worker-1] INFO  c.g.t.t.d.PublishedGradleVersions - Gradle version information cache is up-to-date. Trying to read.
2018-05-17 19:01:59,857 [Worker-5] INFO  c.g.t.t.d.PublishedGradleVersions - Gradle version information cache is up-to-date. Trying to read.
2018-05-18 19:06:27,423 [Worker-2] INFO  c.g.t.t.d.PublishedGradleVersions - Gradle version information cache is out-of-date. Trying to update.
2018-05-21 18:59:15,943 [Worker-5] INFO  c.g.t.t.d.PublishedGradleVersions - Gradle version information cache is out-of-date. Trying to update.
2018-05-22 19:07:43,986 [Worker-2] INFO  c.g.t.t.d.PublishedGradleVersions - Gradle version information cache is out-of-date. Trying to update.
2018-05-22 19:27:04,636 [Worker-0] INFO  c.g.t.t.d.PublishedGradleVersions - Gradle version information cache is up-to-date. Trying to read.
2018-05-22 19:30:07,640 [Worker-0] INFO  c.g.t.t.d.PublishedGradleVersions - Gradle version information cache is up-to-date. Trying to read.
2018-05-23 19:01:33,766 [Worker-0] INFO  c.g.t.t.d.PublishedGradleVersions - Gradle version information cache is up-to-date. Trying to read.
2018-05-23 19:48:32,470 [Worker-1] INFO  c.g.t.t.d.PublishedGradleVersions - Gradle version information cache is out-of-date. Trying to update.
2018-05-24 18:54:24,203 [Worker-0] INFO  c.g.t.t.d.PublishedGradleVersions - Gradle version information cache is up-to-date. Trying to read.
2018-05-24 19:16:01,406 [Worker-2] INFO  c.g.t.t.d.PublishedGradleVersions - Gradle version information cache is up-to-date. Trying to read.
2018-05-28 18:55:43,527 [Worker-5] INFO  c.g.t.t.d.PublishedGradleVersions - Gradle version information cache is out-of-date. Trying to update.
2018-05-28 19:41:26,471 [Worker-5] INFO  c.g.t.t.d.PublishedGradleVersions - Gradle version information cache is up-to-date. Trying to read.
2018-05-29 19:04:25,839 [Worker-0] INFO  c.g.t.t.d.PublishedGradleVersions - Gradle version information cache is out-of-date. Trying to update.
2018-05-30 18:58:58,094 [Worker-2] INFO  c.g.t.t.d.PublishedGradleVersions - Gradle version information cache is up-to-date. Trying to read.
2018-06-04 18:58:56,641 [Worker-6] INFO  c.g.t.t.d.PublishedGradleVersions - Gradle version information cache is out-of-date. Trying to update.
2018-06-05 19:01:49,002 [Worker-4] INFO  c.g.t.t.d.PublishedGradleVersions - Gradle version information cache is out-of-date. Trying to update.
2018-06-05 19:44:10,935 [Worker-1] INFO  c.g.t.t.d.PublishedGradleVersions - Gradle version information cache is up-to-date. Trying to read.
2018-06-05 20:04:55,718 [Worker-8] INFO  c.g.t.t.d.PublishedGradleVersions - Gradle version information cache is up-to-date. Trying to read.
2018-06-06 19:07:57,029 [Worker-12] INFO  c.g.t.t.d.PublishedGradleVersions - Gradle version information cache is out-of-date. Trying to update.
2018-06-06 21:15:10,720 [Worker-2] INFO  c.g.t.t.d.PublishedGradleVersions - Gradle version information cache is up-to-date. Trying to read.
2018-06-07 19:00:54,933 [Worker-0] INFO  c.g.t.t.d.PublishedGradleVersions - Gradle version information cache is up-to-date. Trying to read.
2018-06-08 18:54:33,925 [Worker-0] INFO  c.g.t.t.d.PublishedGradleVersions - Gradle version information cache is out-of-date. Trying to update.
2018-06-11 18:59:37,213 [Worker-3] INFO  c.g.t.t.d.PublishedGradleVersions - Gradle version information cache is out-of-date. Trying to update.
2018-06-11 19:04:49,871 [Worker-4] INFO  c.g.t.t.d.PublishedGradleVersions - Gradle version information cache is up-to-date. Trying to read.
2018-06-11 19:46:13,260 [Worker-2] INFO  c.g.t.t.d.PublishedGradleVersions - Gradle version information cache is up-to-date. Trying to read.
2018-06-11 21:10:31,570 [Worker-7] INFO  c.g.t.t.d.PublishedGradleVersions - Gradle version information cache is up-to-date. Trying to read.
2018-06-12 18:52:18,644 [Worker-1] INFO  c.g.t.t.d.PublishedGradleVersions - Gradle version information cache is up-to-date. Trying to read.
2018-06-13 18:52:41,245 [Worker-6] INFO  c.g.t.t.d.PublishedGradleVersions - Gradle version information cache is out-of-date. Trying to update.
2018-06-14 19:27:41,121 [Worker-2] INFO  c.g.t.t.d.PublishedGradleVersions - Gradle version information cache is out-of-date. Trying to update.
